<?xml version="1.0" encoding="UTF-8"?>
<testsuite name="co.ceiba.parqueadero.repository.VehiculoRepositoryImplTest" tests="4" skipped="0" failures="0" errors="0" timestamp="2018-01-22T21:17:57" hostname="JAIRO-BOADA" time="0.015">
  <properties/>
  <testcase name="testInsertarMoto" classname="co.ceiba.parqueadero.repository.VehiculoRepositoryImplTest" time="0.004"/>
  <testcase name="testInsertarCarro" classname="co.ceiba.parqueadero.repository.VehiculoRepositoryImplTest" time="0.003"/>
  <testcase name="testObtenerTodos" classname="co.ceiba.parqueadero.repository.VehiculoRepositoryImplTest" time="0.003"/>
  <testcase name="testObtenerPorPlaca" classname="co.ceiba.parqueadero.repository.VehiculoRepositoryImplTest" time="0.003"/>
  <system-out><![CDATA[2018-01-22 16:17:57.857  INFO 7268 --- [    Test worker] .b.t.c.SpringBootTestContextBootstrapper : Neither @ContextConfiguration nor @ContextHierarchy found for test class [co.ceiba.parqueadero.repository.VehiculoRepositoryImplTest], using SpringBootContextLoader
2018-01-22 16:17:57.858  INFO 7268 --- [    Test worker] o.s.t.c.support.AbstractContextLoader    : Could not detect default resource locations for test class [co.ceiba.parqueadero.repository.VehiculoRepositoryImplTest]: no resource found for suffixes {-context.xml, Context.groovy}.
2018-01-22 16:17:57.858  INFO 7268 --- [    Test worker] t.c.s.AnnotationConfigContextLoaderUtils : Could not detect default configuration classes for test class [co.ceiba.parqueadero.repository.VehiculoRepositoryImplTest]: VehiculoRepositoryImplTest does not declare any static, non-private, non-final, nested classes annotated with @Configuration.
2018-01-22 16:17:57.863  INFO 7268 --- [    Test worker] .b.t.c.SpringBootTestContextBootstrapper : Found @SpringBootConfiguration co.ceiba.parqueadero.ParqueaderoApplication for test class co.ceiba.parqueadero.repository.VehiculoRepositoryImplTest
2018-01-22 16:17:57.868  INFO 7268 --- [    Test worker] .b.t.c.SpringBootTestContextBootstrapper : Loaded default TestExecutionListener class names from location [META-INF/spring.factories]: [org.springframework.boot.test.mock.mockito.MockitoTestExecutionListener, org.springframework.boot.test.mock.mockito.ResetMocksTestExecutionListener, org.springframework.boot.test.autoconfigure.restdocs.RestDocsTestExecutionListener, org.springframework.boot.test.autoconfigure.web.client.MockRestServiceServerResetTestExecutionListener, org.springframework.boot.test.autoconfigure.web.servlet.MockMvcPrintOnlyOnFailureTestExecutionListener, org.springframework.boot.test.autoconfigure.web.servlet.WebDriverTestExecutionListener, org.springframework.test.context.web.ServletTestExecutionListener, org.springframework.test.context.support.DirtiesContextBeforeModesTestExecutionListener, org.springframework.test.context.support.DependencyInjectionTestExecutionListener, org.springframework.test.context.support.DirtiesContextTestExecutionListener, org.springframework.test.context.transaction.TransactionalTestExecutionListener, org.springframework.test.context.jdbc.SqlScriptsTestExecutionListener]
2018-01-22 16:17:57.881  INFO 7268 --- [    Test worker] .b.t.c.SpringBootTestContextBootstrapper : Using TestExecutionListeners: [org.springframework.test.context.web.ServletTestExecutionListener@42457db3, org.springframework.test.context.support.DirtiesContextBeforeModesTestExecutionListener@4b38cd35, org.springframework.boot.test.autoconfigure.SpringBootDependencyInjectionTestExecutionListener@2adac1b4, org.springframework.test.context.support.DirtiesContextTestExecutionListener@5694e3e4, org.springframework.test.context.transaction.TransactionalTestExecutionListener@3fd5a460, org.springframework.test.context.jdbc.SqlScriptsTestExecutionListener@328987ca, org.springframework.boot.test.autoconfigure.web.client.MockRestServiceServerResetTestExecutionListener@4e22274e, org.springframework.boot.test.autoconfigure.web.servlet.WebDriverTestExecutionListener@3f5876ad, org.springframework.boot.test.mock.mockito.MockitoTestExecutionListener@2dbc2382, org.springframework.boot.test.mock.mockito.ResetMocksTestExecutionListener@53f54628, org.springframework.boot.test.autoconfigure.restdocs.RestDocsTestExecutionListener@c32134f, org.springframework.boot.test.autoconfigure.web.servlet.MockMvcPrintOnlyOnFailureTestExecutionListener@7023e17a]
]]></system-out>
  <system-err><![CDATA[]]></system-err>
</testsuite>
