<?xml version="1.0" encoding="UTF-8"?>
<testsuite name="co.ceiba.parqueadero.service.ParqueaderoServiceImplTest" tests="9" skipped="0" failures="0" errors="0" timestamp="2018-01-22T21:17:57" hostname="JAIRO-BOADA" time="0.054">
  <properties/>
  <testcase name="ingresarVehiculoCilindrajeInvalido" classname="co.ceiba.parqueadero.service.ParqueaderoServiceImplTest" time="0.013"/>
  <testcase name="testSalidaVehiculoParqueadero" classname="co.ceiba.parqueadero.service.ParqueaderoServiceImplTest" time="0.003"/>
  <testcase name="ingresarVehiculoPlacaInvalida" classname="co.ceiba.parqueadero.service.ParqueaderoServiceImplTest" time="0.006"/>
  <testcase name="ingresarVehiculoExistente" classname="co.ceiba.parqueadero.service.ParqueaderoServiceImplTest" time="0.003"/>
  <testcase name="salidaVehiculoParqueaderoPlacaInvalida" classname="co.ceiba.parqueadero.service.ParqueaderoServiceImplTest" time="0.006"/>
  <testcase name="ingresarVehiculoPlacaVacia" classname="co.ceiba.parqueadero.service.ParqueaderoServiceImplTest" time="0.004"/>
  <testcase name="salidaVehiculoParqueaderoPlacaVacia" classname="co.ceiba.parqueadero.service.ParqueaderoServiceImplTest" time="0.005"/>
  <testcase name="salidaVehiculoParqueaderoNoExistente" classname="co.ceiba.parqueadero.service.ParqueaderoServiceImplTest" time="0.003"/>
  <testcase name="testIngresarVehiculoParqueadero" classname="co.ceiba.parqueadero.service.ParqueaderoServiceImplTest" time="0.003"/>
  <system-out><![CDATA[2018-01-22 16:17:57.907  INFO 7268 --- [    Test worker] .b.t.c.SpringBootTestContextBootstrapper : Neither @ContextConfiguration nor @ContextHierarchy found for test class [co.ceiba.parqueadero.service.ParqueaderoServiceImplTest], using SpringBootContextLoader
2018-01-22 16:17:57.908  INFO 7268 --- [    Test worker] o.s.t.c.support.AbstractContextLoader    : Could not detect default resource locations for test class [co.ceiba.parqueadero.service.ParqueaderoServiceImplTest]: no resource found for suffixes {-context.xml, Context.groovy}.
2018-01-22 16:17:57.908  INFO 7268 --- [    Test worker] t.c.s.AnnotationConfigContextLoaderUtils : Could not detect default configuration classes for test class [co.ceiba.parqueadero.service.ParqueaderoServiceImplTest]: ParqueaderoServiceImplTest does not declare any static, non-private, non-final, nested classes annotated with @Configuration.
2018-01-22 16:17:57.920  INFO 7268 --- [    Test worker] .b.t.c.SpringBootTestContextBootstrapper : Found @SpringBootConfiguration co.ceiba.parqueadero.ParqueaderoApplication for test class co.ceiba.parqueadero.service.ParqueaderoServiceImplTest
2018-01-22 16:17:57.924  INFO 7268 --- [    Test worker] .b.t.c.SpringBootTestContextBootstrapper : Loaded default TestExecutionListener class names from location [META-INF/spring.factories]: [org.springframework.boot.test.mock.mockito.MockitoTestExecutionListener, org.springframework.boot.test.mock.mockito.ResetMocksTestExecutionListener, org.springframework.boot.test.autoconfigure.restdocs.RestDocsTestExecutionListener, org.springframework.boot.test.autoconfigure.web.client.MockRestServiceServerResetTestExecutionListener, org.springframework.boot.test.autoconfigure.web.servlet.MockMvcPrintOnlyOnFailureTestExecutionListener, org.springframework.boot.test.autoconfigure.web.servlet.WebDriverTestExecutionListener, org.springframework.test.context.web.ServletTestExecutionListener, org.springframework.test.context.support.DirtiesContextBeforeModesTestExecutionListener, org.springframework.test.context.support.DependencyInjectionTestExecutionListener, org.springframework.test.context.support.DirtiesContextTestExecutionListener, org.springframework.test.context.transaction.TransactionalTestExecutionListener, org.springframework.test.context.jdbc.SqlScriptsTestExecutionListener]
2018-01-22 16:17:57.927  INFO 7268 --- [    Test worker] .b.t.c.SpringBootTestContextBootstrapper : Using TestExecutionListeners: [org.springframework.test.context.web.ServletTestExecutionListener@3f321085, org.springframework.test.context.support.DirtiesContextBeforeModesTestExecutionListener@122d70d7, org.springframework.boot.test.autoconfigure.SpringBootDependencyInjectionTestExecutionListener@16fe35cc, org.springframework.test.context.support.DirtiesContextTestExecutionListener@2bbb5fe2, org.springframework.test.context.transaction.TransactionalTestExecutionListener@422c428, org.springframework.test.context.jdbc.SqlScriptsTestExecutionListener@7df0b7b3, org.springframework.boot.test.autoconfigure.web.client.MockRestServiceServerResetTestExecutionListener@1a47ad94, org.springframework.boot.test.autoconfigure.web.servlet.WebDriverTestExecutionListener@6b72a571, org.springframework.boot.test.mock.mockito.MockitoTestExecutionListener@79e32fb3, org.springframework.boot.test.mock.mockito.ResetMocksTestExecutionListener@1d65213, org.springframework.boot.test.autoconfigure.restdocs.RestDocsTestExecutionListener@26da64b0, org.springframework.boot.test.autoconfigure.web.servlet.MockMvcPrintOnlyOnFailureTestExecutionListener@587d0437]
]]></system-out>
  <system-err><![CDATA[]]></system-err>
</testsuite>
