<?xml version="1.0" encoding="UTF-8"?>
<testsuite name="co.ceiba.parqueadero.ParqueaderoApplicationTests" tests="1" skipped="0" failures="0" errors="0" timestamp="2018-01-22T21:17:57" hostname="JAIRO-BOADA" time="0.003">
  <properties/>
  <testcase name="contextLoads" classname="co.ceiba.parqueadero.ParqueaderoApplicationTests" time="0.003"/>
  <system-out><![CDATA[2018-01-22 16:17:57.760  INFO 7268 --- [    Test worker] .b.t.c.SpringBootTestContextBootstrapper : Neither @ContextConfiguration nor @ContextHierarchy found for test class [co.ceiba.parqueadero.ParqueaderoApplicationTests], using SpringBootContextLoader
2018-01-22 16:17:57.761  INFO 7268 --- [    Test worker] o.s.t.c.support.AbstractContextLoader    : Could not detect default resource locations for test class [co.ceiba.parqueadero.ParqueaderoApplicationTests]: no resource found for suffixes {-context.xml, Context.groovy}.
2018-01-22 16:17:57.761  INFO 7268 --- [    Test worker] t.c.s.AnnotationConfigContextLoaderUtils : Could not detect default configuration classes for test class [co.ceiba.parqueadero.ParqueaderoApplicationTests]: ParqueaderoApplicationTests does not declare any static, non-private, non-final, nested classes annotated with @Configuration.
2018-01-22 16:17:57.771  INFO 7268 --- [    Test worker] .b.t.c.SpringBootTestContextBootstrapper : Found @SpringBootConfiguration co.ceiba.parqueadero.ParqueaderoApplication for test class co.ceiba.parqueadero.ParqueaderoApplicationTests
2018-01-22 16:17:57.775  INFO 7268 --- [    Test worker] .b.t.c.SpringBootTestContextBootstrapper : Loaded default TestExecutionListener class names from location [META-INF/spring.factories]: [org.springframework.boot.test.mock.mockito.MockitoTestExecutionListener, org.springframework.boot.test.mock.mockito.ResetMocksTestExecutionListener, org.springframework.boot.test.autoconfigure.restdocs.RestDocsTestExecutionListener, org.springframework.boot.test.autoconfigure.web.client.MockRestServiceServerResetTestExecutionListener, org.springframework.boot.test.autoconfigure.web.servlet.MockMvcPrintOnlyOnFailureTestExecutionListener, org.springframework.boot.test.autoconfigure.web.servlet.WebDriverTestExecutionListener, org.springframework.test.context.web.ServletTestExecutionListener, org.springframework.test.context.support.DirtiesContextBeforeModesTestExecutionListener, org.springframework.test.context.support.DependencyInjectionTestExecutionListener, org.springframework.test.context.support.DirtiesContextTestExecutionListener, org.springframework.test.context.transaction.TransactionalTestExecutionListener, org.springframework.test.context.jdbc.SqlScriptsTestExecutionListener]
2018-01-22 16:17:57.778  INFO 7268 --- [    Test worker] .b.t.c.SpringBootTestContextBootstrapper : Using TestExecutionListeners: [org.springframework.test.context.web.ServletTestExecutionListener@b50267a, org.springframework.test.context.support.DirtiesContextBeforeModesTestExecutionListener@17792e12, org.springframework.boot.test.autoconfigure.SpringBootDependencyInjectionTestExecutionListener@4bfd1d44, org.springframework.test.context.support.DirtiesContextTestExecutionListener@1d450b51, org.springframework.test.context.transaction.TransactionalTestExecutionListener@172c8d75, org.springframework.test.context.jdbc.SqlScriptsTestExecutionListener@49fb283c, org.springframework.boot.test.autoconfigure.web.client.MockRestServiceServerResetTestExecutionListener@6a4f0b7a, org.springframework.boot.test.autoconfigure.web.servlet.WebDriverTestExecutionListener@5fe58ae1, org.springframework.boot.test.mock.mockito.MockitoTestExecutionListener@2c51e34d, org.springframework.boot.test.mock.mockito.ResetMocksTestExecutionListener@3c7b8433, org.springframework.boot.test.autoconfigure.restdocs.RestDocsTestExecutionListener@2efd4c1d, org.springframework.boot.test.autoconfigure.web.servlet.MockMvcPrintOnlyOnFailureTestExecutionListener@5d3c69a1]
]]></system-out>
  <system-err><![CDATA[]]></system-err>
</testsuite>
