<?xml version="1.0" encoding="UTF-8"?>
<testsuite name="co.ceiba.parqueadero.repository.ParqueaderoRepositoryImplTest" tests="7" skipped="0" failures="0" errors="0" timestamp="2018-01-22T21:17:57" hostname="JAIRO-BOADA" time="0.037">
  <properties/>
  <testcase name="testInsertarFallido" classname="co.ceiba.parqueadero.repository.ParqueaderoRepositoryImplTest" time="0.006"/>
  <testcase name="test4Actualizar" classname="co.ceiba.parqueadero.repository.ParqueaderoRepositoryImplTest" time="0.003"/>
  <testcase name="testObtenerMotos" classname="co.ceiba.parqueadero.repository.ParqueaderoRepositoryImplTest" time="0.003"/>
  <testcase name="testObtenerPorVehiculoSinSalir" classname="co.ceiba.parqueadero.repository.ParqueaderoRepositoryImplTest" time="0.004"/>
  <testcase name="testObtenerVehiculos" classname="co.ceiba.parqueadero.repository.ParqueaderoRepositoryImplTest" time="0.005"/>
  <testcase name="testInsertar" classname="co.ceiba.parqueadero.repository.ParqueaderoRepositoryImplTest" time="0.005"/>
  <testcase name="testObtenerCarros" classname="co.ceiba.parqueadero.repository.ParqueaderoRepositoryImplTest" time="0.004"/>
  <system-out><![CDATA[2018-01-22 16:17:57.787  INFO 7268 --- [    Test worker] .b.t.c.SpringBootTestContextBootstrapper : Neither @ContextConfiguration nor @ContextHierarchy found for test class [co.ceiba.parqueadero.repository.ParqueaderoRepositoryImplTest], using SpringBootContextLoader
2018-01-22 16:17:57.788  INFO 7268 --- [    Test worker] o.s.t.c.support.AbstractContextLoader    : Could not detect default resource locations for test class [co.ceiba.parqueadero.repository.ParqueaderoRepositoryImplTest]: no resource found for suffixes {-context.xml, Context.groovy}.
2018-01-22 16:17:57.788  INFO 7268 --- [    Test worker] t.c.s.AnnotationConfigContextLoaderUtils : Could not detect default configuration classes for test class [co.ceiba.parqueadero.repository.ParqueaderoRepositoryImplTest]: ParqueaderoRepositoryImplTest does not declare any static, non-private, non-final, nested classes annotated with @Configuration.
2018-01-22 16:17:57.800  INFO 7268 --- [    Test worker] .b.t.c.SpringBootTestContextBootstrapper : Found @SpringBootConfiguration co.ceiba.parqueadero.ParqueaderoApplication for test class co.ceiba.parqueadero.repository.ParqueaderoRepositoryImplTest
2018-01-22 16:17:57.803  INFO 7268 --- [    Test worker] .b.t.c.SpringBootTestContextBootstrapper : Loaded default TestExecutionListener class names from location [META-INF/spring.factories]: [org.springframework.boot.test.mock.mockito.MockitoTestExecutionListener, org.springframework.boot.test.mock.mockito.ResetMocksTestExecutionListener, org.springframework.boot.test.autoconfigure.restdocs.RestDocsTestExecutionListener, org.springframework.boot.test.autoconfigure.web.client.MockRestServiceServerResetTestExecutionListener, org.springframework.boot.test.autoconfigure.web.servlet.MockMvcPrintOnlyOnFailureTestExecutionListener, org.springframework.boot.test.autoconfigure.web.servlet.WebDriverTestExecutionListener, org.springframework.test.context.web.ServletTestExecutionListener, org.springframework.test.context.support.DirtiesContextBeforeModesTestExecutionListener, org.springframework.test.context.support.DependencyInjectionTestExecutionListener, org.springframework.test.context.support.DirtiesContextTestExecutionListener, org.springframework.test.context.transaction.TransactionalTestExecutionListener, org.springframework.test.context.jdbc.SqlScriptsTestExecutionListener]
2018-01-22 16:17:57.806  INFO 7268 --- [    Test worker] .b.t.c.SpringBootTestContextBootstrapper : Using TestExecutionListeners: [org.springframework.test.context.web.ServletTestExecutionListener@19a5eb1b, org.springframework.test.context.support.DirtiesContextBeforeModesTestExecutionListener@1f26245b, org.springframework.boot.test.autoconfigure.SpringBootDependencyInjectionTestExecutionListener@3ab0af55, org.springframework.test.context.support.DirtiesContextTestExecutionListener@4340e37d, org.springframework.test.context.transaction.TransactionalTestExecutionListener@750b353d, org.springframework.test.context.jdbc.SqlScriptsTestExecutionListener@5ba1c33b, org.springframework.boot.test.autoconfigure.web.client.MockRestServiceServerResetTestExecutionListener@64d4151d, org.springframework.boot.test.autoconfigure.web.servlet.WebDriverTestExecutionListener@204b49f1, org.springframework.boot.test.mock.mockito.MockitoTestExecutionListener@cc52218, org.springframework.boot.test.mock.mockito.ResetMocksTestExecutionListener@59a890a0, org.springframework.boot.test.autoconfigure.restdocs.RestDocsTestExecutionListener@1d101a75, org.springframework.boot.test.autoconfigure.web.servlet.MockMvcPrintOnlyOnFailureTestExecutionListener@67eecce7]
]]></system-out>
  <system-err><![CDATA[]]></system-err>
</testsuite>
